I, [2018-04-24T12:41:11.392383 #4392]  INFO -- : [1efa3cea-6ddd-4e20-a22a-5370e4c85e2d] Started GET "/" for 127.0.0.1 at 2018-04-24 12:41:11 +0800
F, [2018-04-24T12:41:11.395383 #4392] FATAL -- : [1efa3cea-6ddd-4e20-a22a-5370e4c85e2d]   
F, [2018-04-24T12:41:11.395383 #4392] FATAL -- : [1efa3cea-6ddd-4e20-a22a-5370e4c85e2d] ActionController::RoutingError (No route matches [GET] "/"):
F, [2018-04-24T12:41:11.396383 #4392] FATAL -- : [1efa3cea-6ddd-4e20-a22a-5370e4c85e2d]   
F, [2018-04-24T12:41:11.396383 #4392] FATAL -- : [1efa3cea-6ddd-4e20-a22a-5370e4c85e2d] actionpack (5.2.0) lib/action_dispatch/middleware/debug_exceptions.rb:65:in `call'
[1efa3cea-6ddd-4e20-a22a-5370e4c85e2d] actionpack (5.2.0) lib/action_dispatch/middleware/show_exceptions.rb:33:in `call'
[1efa3cea-6ddd-4e20-a22a-5370e4c85e2d] railties (5.2.0) lib/rails/rack/logger.rb:38:in `call_app'
[1efa3cea-6ddd-4e20-a22a-5370e4c85e2d] railties (5.2.0) lib/rails/rack/logger.rb:26:in `block in call'
[1efa3cea-6ddd-4e20-a22a-5370e4c85e2d] activesupport (5.2.0) lib/active_support/tagged_logging.rb:71:in `block in tagged'
[1efa3cea-6ddd-4e20-a22a-5370e4c85e2d] activesupport (5.2.0) lib/active_support/tagged_logging.rb:28:in `tagged'
[1efa3cea-6ddd-4e20-a22a-5370e4c85e2d] activesupport (5.2.0) lib/active_support/tagged_logging.rb:71:in `tagged'
[1efa3cea-6ddd-4e20-a22a-5370e4c85e2d] railties (5.2.0) lib/rails/rack/logger.rb:26:in `call'
[1efa3cea-6ddd-4e20-a22a-5370e4c85e2d] actionpack (5.2.0) lib/action_dispatch/middleware/remote_ip.rb:81:in `call'
[1efa3cea-6ddd-4e20-a22a-5370e4c85e2d] actionpack (5.2.0) lib/action_dispatch/middleware/request_id.rb:27:in `call'
[1efa3cea-6ddd-4e20-a22a-5370e4c85e2d] rack (2.0.4) lib/rack/method_override.rb:22:in `call'
[1efa3cea-6ddd-4e20-a22a-5370e4c85e2d] rack (2.0.4) lib/rack/runtime.rb:22:in `call'
[1efa3cea-6ddd-4e20-a22a-5370e4c85e2d] activesupport (5.2.0) lib/active_support/cache/strategy/local_cache_middleware.rb:29:in `call'
[1efa3cea-6ddd-4e20-a22a-5370e4c85e2d] actionpack (5.2.0) lib/action_dispatch/middleware/executor.rb:14:in `call'
[1efa3cea-6ddd-4e20-a22a-5370e4c85e2d] rack (2.0.4) lib/rack/sendfile.rb:111:in `call'
[1efa3cea-6ddd-4e20-a22a-5370e4c85e2d] railties (5.2.0) lib/rails/engine.rb:524:in `call'
[1efa3cea-6ddd-4e20-a22a-5370e4c85e2d] puma (3.11.4) lib/puma/configuration.rb:225:in `call'
[1efa3cea-6ddd-4e20-a22a-5370e4c85e2d] puma (3.11.4) lib/puma/server.rb:632:in `handle_request'
[1efa3cea-6ddd-4e20-a22a-5370e4c85e2d] puma (3.11.4) lib/puma/server.rb:446:in `process_client'
[1efa3cea-6ddd-4e20-a22a-5370e4c85e2d] puma (3.11.4) lib/puma/server.rb:306:in `block in run'
[1efa3cea-6ddd-4e20-a22a-5370e4c85e2d] puma (3.11.4) lib/puma/thread_pool.rb:120:in `block in spawn_thread'
I, [2018-04-24T12:41:11.448383 #4392]  INFO -- : [b4871b47-94ea-4cea-b02f-012b69bf5653] Started GET "/favicon.ico" for 127.0.0.1 at 2018-04-24 12:41:11 +0800
F, [2018-04-24T12:41:11.449383 #4392] FATAL -- : [b4871b47-94ea-4cea-b02f-012b69bf5653]   
F, [2018-04-24T12:41:11.449383 #4392] FATAL -- : [b4871b47-94ea-4cea-b02f-012b69bf5653] ActionController::RoutingError (No route matches [GET] "/favicon.ico"):
F, [2018-04-24T12:41:11.449383 #4392] FATAL -- : [b4871b47-94ea-4cea-b02f-012b69bf5653]   
F, [2018-04-24T12:41:11.449383 #4392] FATAL -- : [b4871b47-94ea-4cea-b02f-012b69bf5653] actionpack (5.2.0) lib/action_dispatch/middleware/debug_exceptions.rb:65:in `call'
[b4871b47-94ea-4cea-b02f-012b69bf5653] actionpack (5.2.0) lib/action_dispatch/middleware/show_exceptions.rb:33:in `call'
[b4871b47-94ea-4cea-b02f-012b69bf5653] railties (5.2.0) lib/rails/rack/logger.rb:38:in `call_app'
[b4871b47-94ea-4cea-b02f-012b69bf5653] railties (5.2.0) lib/rails/rack/logger.rb:26:in `block in call'
[b4871b47-94ea-4cea-b02f-012b69bf5653] activesupport (5.2.0) lib/active_support/tagged_logging.rb:71:in `block in tagged'
[b4871b47-94ea-4cea-b02f-012b69bf5653] activesupport (5.2.0) lib/active_support/tagged_logging.rb:28:in `tagged'
[b4871b47-94ea-4cea-b02f-012b69bf5653] activesupport (5.2.0) lib/active_support/tagged_logging.rb:71:in `tagged'
[b4871b47-94ea-4cea-b02f-012b69bf5653] railties (5.2.0) lib/rails/rack/logger.rb:26:in `call'
[b4871b47-94ea-4cea-b02f-012b69bf5653] actionpack (5.2.0) lib/action_dispatch/middleware/remote_ip.rb:81:in `call'
[b4871b47-94ea-4cea-b02f-012b69bf5653] actionpack (5.2.0) lib/action_dispatch/middleware/request_id.rb:27:in `call'
[b4871b47-94ea-4cea-b02f-012b69bf5653] rack (2.0.4) lib/rack/method_override.rb:22:in `call'
[b4871b47-94ea-4cea-b02f-012b69bf5653] rack (2.0.4) lib/rack/runtime.rb:22:in `call'
[b4871b47-94ea-4cea-b02f-012b69bf5653] activesupport (5.2.0) lib/active_support/cache/strategy/local_cache_middleware.rb:29:in `call'
[b4871b47-94ea-4cea-b02f-012b69bf5653] actionpack (5.2.0) lib/action_dispatch/middleware/executor.rb:14:in `call'
[b4871b47-94ea-4cea-b02f-012b69bf5653] rack (2.0.4) lib/rack/sendfile.rb:111:in `call'
[b4871b47-94ea-4cea-b02f-012b69bf5653] railties (5.2.0) lib/rails/engine.rb:524:in `call'
[b4871b47-94ea-4cea-b02f-012b69bf5653] puma (3.11.4) lib/puma/configuration.rb:225:in `call'
[b4871b47-94ea-4cea-b02f-012b69bf5653] puma (3.11.4) lib/puma/server.rb:632:in `handle_request'
[b4871b47-94ea-4cea-b02f-012b69bf5653] puma (3.11.4) lib/puma/server.rb:446:in `process_client'
[b4871b47-94ea-4cea-b02f-012b69bf5653] puma (3.11.4) lib/puma/server.rb:306:in `block in run'
[b4871b47-94ea-4cea-b02f-012b69bf5653] puma (3.11.4) lib/puma/thread_pool.rb:120:in `block in spawn_thread'
I, [2018-04-24T12:41:14.992383 #4392]  INFO -- : [7b70ceee-e937-4990-8fdd-263cace28595] Started GET "/" for 127.0.0.1 at 2018-04-24 12:41:14 +0800
F, [2018-04-24T12:41:14.993383 #4392] FATAL -- : [7b70ceee-e937-4990-8fdd-263cace28595]   
F, [2018-04-24T12:41:14.993383 #4392] FATAL -- : [7b70ceee-e937-4990-8fdd-263cace28595] ActionController::RoutingError (No route matches [GET] "/"):
F, [2018-04-24T12:41:14.993383 #4392] FATAL -- : [7b70ceee-e937-4990-8fdd-263cace28595]   
F, [2018-04-24T12:41:14.994383 #4392] FATAL -- : [7b70ceee-e937-4990-8fdd-263cace28595] actionpack (5.2.0) lib/action_dispatch/middleware/debug_exceptions.rb:65:in `call'
[7b70ceee-e937-4990-8fdd-263cace28595] actionpack (5.2.0) lib/action_dispatch/middleware/show_exceptions.rb:33:in `call'
[7b70ceee-e937-4990-8fdd-263cace28595] railties (5.2.0) lib/rails/rack/logger.rb:38:in `call_app'
[7b70ceee-e937-4990-8fdd-263cace28595] railties (5.2.0) lib/rails/rack/logger.rb:26:in `block in call'
[7b70ceee-e937-4990-8fdd-263cace28595] activesupport (5.2.0) lib/active_support/tagged_logging.rb:71:in `block in tagged'
[7b70ceee-e937-4990-8fdd-263cace28595] activesupport (5.2.0) lib/active_support/tagged_logging.rb:28:in `tagged'
[7b70ceee-e937-4990-8fdd-263cace28595] activesupport (5.2.0) lib/active_support/tagged_logging.rb:71:in `tagged'
[7b70ceee-e937-4990-8fdd-263cace28595] railties (5.2.0) lib/rails/rack/logger.rb:26:in `call'
[7b70ceee-e937-4990-8fdd-263cace28595] actionpack (5.2.0) lib/action_dispatch/middleware/remote_ip.rb:81:in `call'
[7b70ceee-e937-4990-8fdd-263cace28595] actionpack (5.2.0) lib/action_dispatch/middleware/request_id.rb:27:in `call'
[7b70ceee-e937-4990-8fdd-263cace28595] rack (2.0.4) lib/rack/method_override.rb:22:in `call'
[7b70ceee-e937-4990-8fdd-263cace28595] rack (2.0.4) lib/rack/runtime.rb:22:in `call'
[7b70ceee-e937-4990-8fdd-263cace28595] activesupport (5.2.0) lib/active_support/cache/strategy/local_cache_middleware.rb:29:in `call'
[7b70ceee-e937-4990-8fdd-263cace28595] actionpack (5.2.0) lib/action_dispatch/middleware/executor.rb:14:in `call'
[7b70ceee-e937-4990-8fdd-263cace28595] rack (2.0.4) lib/rack/sendfile.rb:111:in `call'
[7b70ceee-e937-4990-8fdd-263cace28595] railties (5.2.0) lib/rails/engine.rb:524:in `call'
[7b70ceee-e937-4990-8fdd-263cace28595] puma (3.11.4) lib/puma/configuration.rb:225:in `call'
[7b70ceee-e937-4990-8fdd-263cace28595] puma (3.11.4) lib/puma/server.rb:632:in `handle_request'
[7b70ceee-e937-4990-8fdd-263cace28595] puma (3.11.4) lib/puma/server.rb:446:in `process_client'
[7b70ceee-e937-4990-8fdd-263cace28595] puma (3.11.4) lib/puma/server.rb:306:in `block in run'
[7b70ceee-e937-4990-8fdd-263cace28595] puma (3.11.4) lib/puma/thread_pool.rb:120:in `block in spawn_thread'
I, [2018-04-24T12:41:15.501383 #4392]  INFO -- : [0730b60f-ef93-4ef2-a616-781c996634e5] Started GET "/" for 127.0.0.1 at 2018-04-24 12:41:15 +0800
F, [2018-04-24T12:41:15.503383 #4392] FATAL -- : [0730b60f-ef93-4ef2-a616-781c996634e5]   
F, [2018-04-24T12:41:15.503383 #4392] FATAL -- : [0730b60f-ef93-4ef2-a616-781c996634e5] ActionController::RoutingError (No route matches [GET] "/"):
F, [2018-04-24T12:41:15.503383 #4392] FATAL -- : [0730b60f-ef93-4ef2-a616-781c996634e5]   
F, [2018-04-24T12:41:15.504383 #4392] FATAL -- : [0730b60f-ef93-4ef2-a616-781c996634e5] actionpack (5.2.0) lib/action_dispatch/middleware/debug_exceptions.rb:65:in `call'
[0730b60f-ef93-4ef2-a616-781c996634e5] actionpack (5.2.0) lib/action_dispatch/middleware/show_exceptions.rb:33:in `call'
[0730b60f-ef93-4ef2-a616-781c996634e5] railties (5.2.0) lib/rails/rack/logger.rb:38:in `call_app'
[0730b60f-ef93-4ef2-a616-781c996634e5] railties (5.2.0) lib/rails/rack/logger.rb:26:in `block in call'
[0730b60f-ef93-4ef2-a616-781c996634e5] activesupport (5.2.0) lib/active_support/tagged_logging.rb:71:in `block in tagged'
[0730b60f-ef93-4ef2-a616-781c996634e5] activesupport (5.2.0) lib/active_support/tagged_logging.rb:28:in `tagged'
[0730b60f-ef93-4ef2-a616-781c996634e5] activesupport (5.2.0) lib/active_support/tagged_logging.rb:71:in `tagged'
[0730b60f-ef93-4ef2-a616-781c996634e5] railties (5.2.0) lib/rails/rack/logger.rb:26:in `call'
[0730b60f-ef93-4ef2-a616-781c996634e5] actionpack (5.2.0) lib/action_dispatch/middleware/remote_ip.rb:81:in `call'
[0730b60f-ef93-4ef2-a616-781c996634e5] actionpack (5.2.0) lib/action_dispatch/middleware/request_id.rb:27:in `call'
[0730b60f-ef93-4ef2-a616-781c996634e5] rack (2.0.4) lib/rack/method_override.rb:22:in `call'
[0730b60f-ef93-4ef2-a616-781c996634e5] rack (2.0.4) lib/rack/runtime.rb:22:in `call'
[0730b60f-ef93-4ef2-a616-781c996634e5] activesupport (5.2.0) lib/active_support/cache/strategy/local_cache_middleware.rb:29:in `call'
[0730b60f-ef93-4ef2-a616-781c996634e5] actionpack (5.2.0) lib/action_dispatch/middleware/executor.rb:14:in `call'
[0730b60f-ef93-4ef2-a616-781c996634e5] rack (2.0.4) lib/rack/sendfile.rb:111:in `call'
[0730b60f-ef93-4ef2-a616-781c996634e5] railties (5.2.0) lib/rails/engine.rb:524:in `call'
[0730b60f-ef93-4ef2-a616-781c996634e5] puma (3.11.4) lib/puma/configuration.rb:225:in `call'
[0730b60f-ef93-4ef2-a616-781c996634e5] puma (3.11.4) lib/puma/server.rb:632:in `handle_request'
[0730b60f-ef93-4ef2-a616-781c996634e5] puma (3.11.4) lib/puma/server.rb:446:in `process_client'
[0730b60f-ef93-4ef2-a616-781c996634e5] puma (3.11.4) lib/puma/server.rb:306:in `block in run'
[0730b60f-ef93-4ef2-a616-781c996634e5] puma (3.11.4) lib/puma/thread_pool.rb:120:in `block in spawn_thread'
I, [2018-04-24T12:41:15.722383 #4392]  INFO -- : [def0e804-991f-46df-81b8-a677e4b2c96b] Started GET "/" for 127.0.0.1 at 2018-04-24 12:41:15 +0800
F, [2018-04-24T12:41:15.723383 #4392] FATAL -- : [def0e804-991f-46df-81b8-a677e4b2c96b]   
F, [2018-04-24T12:41:15.723383 #4392] FATAL -- : [def0e804-991f-46df-81b8-a677e4b2c96b] ActionController::RoutingError (No route matches [GET] "/"):
F, [2018-04-24T12:41:15.724383 #4392] FATAL -- : [def0e804-991f-46df-81b8-a677e4b2c96b]   
F, [2018-04-24T12:41:15.724383 #4392] FATAL -- : [def0e804-991f-46df-81b8-a677e4b2c96b] actionpack (5.2.0) lib/action_dispatch/middleware/debug_exceptions.rb:65:in `call'
[def0e804-991f-46df-81b8-a677e4b2c96b] actionpack (5.2.0) lib/action_dispatch/middleware/show_exceptions.rb:33:in `call'
[def0e804-991f-46df-81b8-a677e4b2c96b] railties (5.2.0) lib/rails/rack/logger.rb:38:in `call_app'
[def0e804-991f-46df-81b8-a677e4b2c96b] railties (5.2.0) lib/rails/rack/logger.rb:26:in `block in call'
[def0e804-991f-46df-81b8-a677e4b2c96b] activesupport (5.2.0) lib/active_support/tagged_logging.rb:71:in `block in tagged'
[def0e804-991f-46df-81b8-a677e4b2c96b] activesupport (5.2.0) lib/active_support/tagged_logging.rb:28:in `tagged'
[def0e804-991f-46df-81b8-a677e4b2c96b] activesupport (5.2.0) lib/active_support/tagged_logging.rb:71:in `tagged'
[def0e804-991f-46df-81b8-a677e4b2c96b] railties (5.2.0) lib/rails/rack/logger.rb:26:in `call'
[def0e804-991f-46df-81b8-a677e4b2c96b] actionpack (5.2.0) lib/action_dispatch/middleware/remote_ip.rb:81:in `call'
[def0e804-991f-46df-81b8-a677e4b2c96b] actionpack (5.2.0) lib/action_dispatch/middleware/request_id.rb:27:in `call'
[def0e804-991f-46df-81b8-a677e4b2c96b] rack (2.0.4) lib/rack/method_override.rb:22:in `call'
[def0e804-991f-46df-81b8-a677e4b2c96b] rack (2.0.4) lib/rack/runtime.rb:22:in `call'
[def0e804-991f-46df-81b8-a677e4b2c96b] activesupport (5.2.0) lib/active_support/cache/strategy/local_cache_middleware.rb:29:in `call'
[def0e804-991f-46df-81b8-a677e4b2c96b] actionpack (5.2.0) lib/action_dispatch/middleware/executor.rb:14:in `call'
[def0e804-991f-46df-81b8-a677e4b2c96b] rack (2.0.4) lib/rack/sendfile.rb:111:in `call'
[def0e804-991f-46df-81b8-a677e4b2c96b] railties (5.2.0) lib/rails/engine.rb:524:in `call'
[def0e804-991f-46df-81b8-a677e4b2c96b] puma (3.11.4) lib/puma/configuration.rb:225:in `call'
[def0e804-991f-46df-81b8-a677e4b2c96b] puma (3.11.4) lib/puma/server.rb:632:in `handle_request'
[def0e804-991f-46df-81b8-a677e4b2c96b] puma (3.11.4) lib/puma/server.rb:446:in `process_client'
[def0e804-991f-46df-81b8-a677e4b2c96b] puma (3.11.4) lib/puma/server.rb:306:in `block in run'
[def0e804-991f-46df-81b8-a677e4b2c96b] puma (3.11.4) lib/puma/thread_pool.rb:120:in `block in spawn_thread'
I, [2018-04-24T12:41:21.789383 #4392]  INFO -- : [d7a85f0b-ebdf-4a3b-b4c0-a7dfa5d43128] Started GET "/" for 127.0.0.1 at 2018-04-24 12:41:21 +0800
F, [2018-04-24T12:41:21.790383 #4392] FATAL -- : [d7a85f0b-ebdf-4a3b-b4c0-a7dfa5d43128]   
F, [2018-04-24T12:41:21.791383 #4392] FATAL -- : [d7a85f0b-ebdf-4a3b-b4c0-a7dfa5d43128] ActionController::RoutingError (No route matches [GET] "/"):
F, [2018-04-24T12:41:21.791383 #4392] FATAL -- : [d7a85f0b-ebdf-4a3b-b4c0-a7dfa5d43128]   
F, [2018-04-24T12:41:21.791383 #4392] FATAL -- : [d7a85f0b-ebdf-4a3b-b4c0-a7dfa5d43128] actionpack (5.2.0) lib/action_dispatch/middleware/debug_exceptions.rb:65:in `call'
[d7a85f0b-ebdf-4a3b-b4c0-a7dfa5d43128] actionpack (5.2.0) lib/action_dispatch/middleware/show_exceptions.rb:33:in `call'
[d7a85f0b-ebdf-4a3b-b4c0-a7dfa5d43128] railties (5.2.0) lib/rails/rack/logger.rb:38:in `call_app'
[d7a85f0b-ebdf-4a3b-b4c0-a7dfa5d43128] railties (5.2.0) lib/rails/rack/logger.rb:26:in `block in call'
[d7a85f0b-ebdf-4a3b-b4c0-a7dfa5d43128] activesupport (5.2.0) lib/active_support/tagged_logging.rb:71:in `block in tagged'
[d7a85f0b-ebdf-4a3b-b4c0-a7dfa5d43128] activesupport (5.2.0) lib/active_support/tagged_logging.rb:28:in `tagged'
[d7a85f0b-ebdf-4a3b-b4c0-a7dfa5d43128] activesupport (5.2.0) lib/active_support/tagged_logging.rb:71:in `tagged'
[d7a85f0b-ebdf-4a3b-b4c0-a7dfa5d43128] railties (5.2.0) lib/rails/rack/logger.rb:26:in `call'
[d7a85f0b-ebdf-4a3b-b4c0-a7dfa5d43128] actionpack (5.2.0) lib/action_dispatch/middleware/remote_ip.rb:81:in `call'
[d7a85f0b-ebdf-4a3b-b4c0-a7dfa5d43128] actionpack (5.2.0) lib/action_dispatch/middleware/request_id.rb:27:in `call'
[d7a85f0b-ebdf-4a3b-b4c0-a7dfa5d43128] rack (2.0.4) lib/rack/method_override.rb:22:in `call'
[d7a85f0b-ebdf-4a3b-b4c0-a7dfa5d43128] rack (2.0.4) lib/rack/runtime.rb:22:in `call'
[d7a85f0b-ebdf-4a3b-b4c0-a7dfa5d43128] activesupport (5.2.0) lib/active_support/cache/strategy/local_cache_middleware.rb:29:in `call'
[d7a85f0b-ebdf-4a3b-b4c0-a7dfa5d43128] actionpack (5.2.0) lib/action_dispatch/middleware/executor.rb:14:in `call'
[d7a85f0b-ebdf-4a3b-b4c0-a7dfa5d43128] rack (2.0.4) lib/rack/sendfile.rb:111:in `call'
[d7a85f0b-ebdf-4a3b-b4c0-a7dfa5d43128] railties (5.2.0) lib/rails/engine.rb:524:in `call'
[d7a85f0b-ebdf-4a3b-b4c0-a7dfa5d43128] puma (3.11.4) lib/puma/configuration.rb:225:in `call'
[d7a85f0b-ebdf-4a3b-b4c0-a7dfa5d43128] puma (3.11.4) lib/puma/server.rb:632:in `handle_request'
[d7a85f0b-ebdf-4a3b-b4c0-a7dfa5d43128] puma (3.11.4) lib/puma/server.rb:446:in `process_client'
[d7a85f0b-ebdf-4a3b-b4c0-a7dfa5d43128] puma (3.11.4) lib/puma/server.rb:306:in `block in run'
[d7a85f0b-ebdf-4a3b-b4c0-a7dfa5d43128] puma (3.11.4) lib/puma/thread_pool.rb:120:in `block in spawn_thread'
